<?xml version="1.0" encoding="UTF-8"?>
<testsuite xmlns:xsi="http://www.w3.org/2001/XMLSchema-instance" xsi:noNamespaceSchemaLocation="https://maven.apache.org/surefire/maven-surefire-plugin/xsd/surefire-test-report.xsd" name="ItemManagerTest" time="0.235" tests="7" errors="0" skipped="0" failures="0">
  <properties>
[...]
</properties>
  <testcase name="test6_GenerateUniqueItemId" classname="ItemManagerTest" time="0.006"/>
  <testcase name="test5_SearchItemsByNameAndType" classname="ItemManagerTest" time="0.004"/>
  <testcase name="test2_GetAllItems" classname="ItemManagerTest" time="0.005"/>
  <testcase name="test1_AddFindUpdateDeleteItem" classname="ItemManagerTest" time="0.019"/>
  <testcase name="test4_SearchItemsByType" classname="ItemManagerTest" time="0.001"/>
  <testcase name="test7_ItemAvailabilityCheck" classname="ItemManagerTest" time="0.013"/>
  <testcase name="test3_SearchItemsByName" classname="ItemManagerTest" time="0.002"/>
</testsuite>